<?xml version="1.0"?>
<testsuite name="Chrome Headless 83.0.4103.116 (Windows 10)" package="" timestamp="2020-07-12T00:03:16" id="0" hostname="DESKTOP-0B22NJD" tests="3" errors="0" failures="0" time="0.064">
  <properties>
    <property name="browser.fullName" value="Mozilla/5.0 (Windows NT 10.0; Win64; x64) AppleWebKit/537.36 (KHTML, like Gecko) HeadlessChrome/83.0.4103.116 Safari/537.36"/>
  </properties>
  <testcase name="AppComponent should have as title 'my-blog'" time="0.047" classname="Chrome_Headless_83_0_4103_116_(Windows_10).AppComponent"/>
  <testcase name="AppComponent should create the app" time="0.008" classname="Chrome_Headless_83_0_4103_116_(Windows_10).AppComponent"/>
  <testcase name="HomeComponent should create" time="0.009" classname="Chrome_Headless_83_0_4103_116_(Windows_10).HomeComponent"/>
  <system-out>
    <![CDATA[
]]>
  </system-out>
  <system-err/>
</testsuite>